<?xml version="1.0" encoding="UTF-8"?>
<!-- Generated by org.testng.reporters.JUnitXMLReporter -->
<testsuite ignored="1" hostname="DESKTOP-7C4J88S" failures="0" tests="2" name="Test" time="0.112" errors="0" timestamp="2024-02-05T12:26:24 IST">
  <testcase classname="TestNG.example8_DiableTCExecutionFromTestSuite" name="TC1" time="0.014"/>
  <testcase classname="TestNG.example8_DiableTCExecutionFromTestSuite" name="TC3" time="0.009"/>
  <testcase classname="TestNG.example8_DiableTCExecutionFromTestSuite" name="TC2" time="0.0">
    <ignored/>
  </testcase> <!-- TC2 -->
</testsuite> <!-- Test -->
