<?xml version="1.0" encoding="UTF-8"?>
<testng-results ignored="1" total="3" passed="2" failed="0" skipped="0">
  <reporter-output>
    <line>
      <![CDATA[running TC1]]>
    </line>
    <line>
      <![CDATA[running TC3]]>
    </line>
  </reporter-output>
  <suite started-at="2024-02-05T12:26:24 IST" name="Suite" finished-at="2024-02-05T12:26:24 IST" duration-ms="112">
    <groups>
    </groups>
    <test started-at="2024-02-05T12:26:24 IST" name="Test" finished-at="2024-02-05T12:26:24 IST" duration-ms="112">
      <class name="TestNG.example8_DiableTCExecutionFromTestSuite">
        <test-method signature="TC1()[pri:0, instance:TestNG.example8_DiableTCExecutionFromTestSuite@c333c60]" started-at="2024-02-05T12:26:24 IST" name="TC1" finished-at="2024-02-05T12:26:24 IST" duration-ms="14" status="PASS">
          <reporter-output>
            <line>
              <![CDATA[running TC1]]>
            </line>
          </reporter-output>
        </test-method> <!-- TC1 -->
        <test-method signature="TC3()[pri:0, instance:TestNG.example8_DiableTCExecutionFromTestSuite@c333c60]" started-at="2024-02-05T12:26:24 IST" name="TC3" finished-at="2024-02-05T12:26:24 IST" duration-ms="9" status="PASS">
          <reporter-output>
            <line>
              <![CDATA[running TC3]]>
            </line>
          </reporter-output>
        </test-method> <!-- TC3 -->
      </class> <!-- TestNG.example8_DiableTCExecutionFromTestSuite -->
    </test> <!-- Test -->
  </suite> <!-- Suite -->
</testng-results>
